mode: set
Projects/GoLang-Interns-2022/threeLayer/handler/book/book.go:19.38,23.2 1 1
Projects/GoLang-Interns-2022/threeLayer/handler/book/book.go:25.71,34.16 4 1
Projects/GoLang-Interns-2022/threeLayer/handler/book/book.go:39.2,40.16 2 1
Projects/GoLang-Interns-2022/threeLayer/handler/book/book.go:45.2,46.16 2 1
Projects/GoLang-Interns-2022/threeLayer/handler/book/book.go:34.16,37.3 2 0
Projects/GoLang-Interns-2022/threeLayer/handler/book/book.go:40.16,43.3 2 0
Projects/GoLang-Interns-2022/threeLayer/handler/book/book.go:46.16,48.3 1 0
Projects/GoLang-Interns-2022/threeLayer/handler/book/book.go:51.72,55.16 3 1
Projects/GoLang-Interns-2022/threeLayer/handler/book/book.go:60.2,63.16 3 1
Projects/GoLang-Interns-2022/threeLayer/handler/book/book.go:68.2,69.16 2 1
Projects/GoLang-Interns-2022/threeLayer/handler/book/book.go:74.2,75.16 2 1
Projects/GoLang-Interns-2022/threeLayer/handler/book/book.go:55.16,58.3 2 0
Projects/GoLang-Interns-2022/threeLayer/handler/book/book.go:63.16,66.3 2 1
Projects/GoLang-Interns-2022/threeLayer/handler/book/book.go:69.16,72.3 2 0
Projects/GoLang-Interns-2022/threeLayer/handler/book/book.go:75.16,77.3 1 0
Projects/GoLang-Interns-2022/threeLayer/handler/book/book.go:80.73,84.16 3 1
Projects/GoLang-Interns-2022/threeLayer/handler/book/book.go:89.2,90.16 2 1
Projects/GoLang-Interns-2022/threeLayer/handler/book/book.go:95.2,96.39 2 1
Projects/GoLang-Interns-2022/threeLayer/handler/book/book.go:101.2,101.35 1 1
Projects/GoLang-Interns-2022/threeLayer/handler/book/book.go:84.16,87.3 2 0
Projects/GoLang-Interns-2022/threeLayer/handler/book/book.go:90.16,93.3 2 0
Projects/GoLang-Interns-2022/threeLayer/handler/book/book.go:96.39,99.3 2 1
Projects/GoLang-Interns-2022/threeLayer/handler/book/book.go:104.72,108.16 3 1
Projects/GoLang-Interns-2022/threeLayer/handler/book/book.go:112.2,115.16 3 1
Projects/GoLang-Interns-2022/threeLayer/handler/book/book.go:120.2,121.16 2 1
Projects/GoLang-Interns-2022/threeLayer/handler/book/book.go:126.2,127.16 2 1
Projects/GoLang-Interns-2022/threeLayer/handler/book/book.go:132.2,133.16 2 1
Projects/GoLang-Interns-2022/threeLayer/handler/book/book.go:138.2,140.16 3 1
Projects/GoLang-Interns-2022/threeLayer/handler/book/book.go:108.16,110.3 1 0
Projects/GoLang-Interns-2022/threeLayer/handler/book/book.go:115.16,118.3 2 0
Projects/GoLang-Interns-2022/threeLayer/handler/book/book.go:121.16,124.3 2 0
Projects/GoLang-Interns-2022/threeLayer/handler/book/book.go:127.16,130.3 2 1
Projects/GoLang-Interns-2022/threeLayer/handler/book/book.go:133.16,136.3 2 0
Projects/GoLang-Interns-2022/threeLayer/handler/book/book.go:140.16,143.3 2 0
Projects/GoLang-Interns-2022/threeLayer/handler/book/book.go:147.75,151.16 3 1
Projects/GoLang-Interns-2022/threeLayer/handler/book/book.go:156.2,157.34 2 1
Projects/GoLang-Interns-2022/threeLayer/handler/book/book.go:151.16,154.3 2 0
Projects/GoLang-Interns-2022/threeLayer/handler/book/book.go:157.34,160.3 2 1
Projects/GoLang-Interns-2022/threeLayer/handler/author/author.go:18.47,20.2 1 1
Projects/GoLang-Interns-2022/threeLayer/handler/author/author.go:21.77,23.16 2 1
Projects/GoLang-Interns-2022/threeLayer/handler/author/author.go:28.2,31.16 3 1
Projects/GoLang-Interns-2022/threeLayer/handler/author/author.go:36.2,37.35 2 1
Projects/GoLang-Interns-2022/threeLayer/handler/author/author.go:42.2,43.16 2 1
Projects/GoLang-Interns-2022/threeLayer/handler/author/author.go:47.2,49.16 3 1
Projects/GoLang-Interns-2022/threeLayer/handler/author/author.go:23.16,26.3 2 0
Projects/GoLang-Interns-2022/threeLayer/handler/author/author.go:31.16,34.3 2 0
Projects/GoLang-Interns-2022/threeLayer/handler/author/author.go:37.35,40.3 2 1
Projects/GoLang-Interns-2022/threeLayer/handler/author/author.go:43.16,45.3 1 0
Projects/GoLang-Interns-2022/threeLayer/handler/author/author.go:49.16,51.3 1 0
Projects/GoLang-Interns-2022/threeLayer/handler/author/author.go:54.76,58.16 3 1
Projects/GoLang-Interns-2022/threeLayer/handler/author/author.go:63.2,64.16 2 1
Projects/GoLang-Interns-2022/threeLayer/handler/author/author.go:69.2,70.16 2 1
Projects/GoLang-Interns-2022/threeLayer/handler/author/author.go:75.2,76.16 2 1
Projects/GoLang-Interns-2022/threeLayer/handler/author/author.go:81.2,83.16 3 1
Projects/GoLang-Interns-2022/threeLayer/handler/author/author.go:58.16,61.3 2 0
Projects/GoLang-Interns-2022/threeLayer/handler/author/author.go:64.16,67.3 2 0
Projects/GoLang-Interns-2022/threeLayer/handler/author/author.go:70.16,73.3 2 1
Projects/GoLang-Interns-2022/threeLayer/handler/author/author.go:76.16,79.3 2 0
Projects/GoLang-Interns-2022/threeLayer/handler/author/author.go:83.16,86.3 2 0
Projects/GoLang-Interns-2022/threeLayer/handler/author/author.go:89.79,93.16 3 1
Projects/GoLang-Interns-2022/threeLayer/handler/author/author.go:98.2,99.16 2 1
Projects/GoLang-Interns-2022/threeLayer/handler/author/author.go:93.16,96.3 2 0
Projects/GoLang-Interns-2022/threeLayer/handler/author/author.go:99.16,102.3 2 1
