mode: set
Projects/GoLang-Interns-2022/threeLayer/service/book/book.go:17.73,19.2 1 1
Projects/GoLang-Interns-2022/threeLayer/service/book/book.go:21.78,23.9 2 1
Projects/GoLang-Interns-2022/threeLayer/service/book/book.go:27.2,28.9 2 1
Projects/GoLang-Interns-2022/threeLayer/service/book/book.go:31.2,34.17 3 1
Projects/GoLang-Interns-2022/threeLayer/service/book/book.go:41.2,41.16 1 1
Projects/GoLang-Interns-2022/threeLayer/service/book/book.go:44.2,44.35 1 1
Projects/GoLang-Interns-2022/threeLayer/service/book/book.go:57.2,57.20 1 1
Projects/GoLang-Interns-2022/threeLayer/service/book/book.go:23.9,25.3 1 1
Projects/GoLang-Interns-2022/threeLayer/service/book/book.go:28.9,30.3 1 1
Projects/GoLang-Interns-2022/threeLayer/service/book/book.go:34.17,36.3 1 1
Projects/GoLang-Interns-2022/threeLayer/service/book/book.go:36.8,39.3 1 1
Projects/GoLang-Interns-2022/threeLayer/service/book/book.go:41.16,43.3 1 1
Projects/GoLang-Interns-2022/threeLayer/service/book/book.go:44.35,47.30 2 1
Projects/GoLang-Interns-2022/threeLayer/service/book/book.go:54.3,54.28 1 1
Projects/GoLang-Interns-2022/threeLayer/service/book/book.go:47.30,49.18 2 1
Projects/GoLang-Interns-2022/threeLayer/service/book/book.go:49.18,51.5 1 1
Projects/GoLang-Interns-2022/threeLayer/service/book/book.go:60.84,66.41 4 1
Projects/GoLang-Interns-2022/threeLayer/service/book/book.go:70.2,71.16 2 1
Projects/GoLang-Interns-2022/threeLayer/service/book/book.go:75.2,75.20 1 1
Projects/GoLang-Interns-2022/threeLayer/service/book/book.go:66.41,68.3 1 1
Projects/GoLang-Interns-2022/threeLayer/service/book/book.go:71.16,73.3 1 1
Projects/GoLang-Interns-2022/threeLayer/service/book/book.go:78.84,79.93 1 1
Projects/GoLang-Interns-2022/threeLayer/service/book/book.go:83.2,84.16 2 1
Projects/GoLang-Interns-2022/threeLayer/service/book/book.go:88.2,88.16 1 1
Projects/GoLang-Interns-2022/threeLayer/service/book/book.go:79.93,81.3 1 1
Projects/GoLang-Interns-2022/threeLayer/service/book/book.go:84.16,86.3 1 1
Projects/GoLang-Interns-2022/threeLayer/service/book/book.go:91.75,92.40 1 1
Projects/GoLang-Interns-2022/threeLayer/service/book/book.go:96.2,97.16 2 1
Projects/GoLang-Interns-2022/threeLayer/service/book/book.go:101.2,101.24 1 1
Projects/GoLang-Interns-2022/threeLayer/service/book/book.go:92.40,94.3 1 1
Projects/GoLang-Interns-2022/threeLayer/service/book/book.go:97.16,99.3 1 1
Projects/GoLang-Interns-2022/threeLayer/service/book/book.go:104.99,107.57 2 1
Projects/GoLang-Interns-2022/threeLayer/service/book/book.go:111.2,112.16 2 1
Projects/GoLang-Interns-2022/threeLayer/service/book/book.go:116.2,118.40 2 1
Projects/GoLang-Interns-2022/threeLayer/service/book/book.go:122.2,123.16 2 1
Projects/GoLang-Interns-2022/threeLayer/service/book/book.go:127.2,127.20 1 1
Projects/GoLang-Interns-2022/threeLayer/service/book/book.go:107.57,109.3 1 1
Projects/GoLang-Interns-2022/threeLayer/service/book/book.go:112.16,114.3 1 1
Projects/GoLang-Interns-2022/threeLayer/service/book/book.go:118.40,120.3 1 1
Projects/GoLang-Interns-2022/threeLayer/service/book/book.go:123.16,125.3 1 1
Projects/GoLang-Interns-2022/threeLayer/service/author/author.go:16.70,18.2 1 1
Projects/GoLang-Interns-2022/threeLayer/service/author/author.go:20.91,21.44 1 1
Projects/GoLang-Interns-2022/threeLayer/service/author/author.go:25.2,26.16 2 1
Projects/GoLang-Interns-2022/threeLayer/service/author/author.go:30.2,30.24 1 1
Projects/GoLang-Interns-2022/threeLayer/service/author/author.go:21.44,23.3 1 1
Projects/GoLang-Interns-2022/threeLayer/service/author/author.go:26.16,28.3 1 1
Projects/GoLang-Interns-2022/threeLayer/service/author/author.go:33.108,34.45 1 1
Projects/GoLang-Interns-2022/threeLayer/service/author/author.go:38.2,39.16 2 1
Projects/GoLang-Interns-2022/threeLayer/service/author/author.go:43.2,43.20 1 1
Projects/GoLang-Interns-2022/threeLayer/service/author/author.go:34.45,36.3 1 1
Projects/GoLang-Interns-2022/threeLayer/service/author/author.go:39.16,41.3 1 1
Projects/GoLang-Interns-2022/threeLayer/service/author/author.go:46.79,47.45 1 1
Projects/GoLang-Interns-2022/threeLayer/service/author/author.go:51.2,52.16 2 1
Projects/GoLang-Interns-2022/threeLayer/service/author/author.go:56.2,57.16 2 1
Projects/GoLang-Interns-2022/threeLayer/service/author/author.go:61.2,61.16 1 1
Projects/GoLang-Interns-2022/threeLayer/service/author/author.go:47.45,49.3 1 1
Projects/GoLang-Interns-2022/threeLayer/service/author/author.go:52.16,54.3 1 1
Projects/GoLang-Interns-2022/threeLayer/service/author/author.go:57.16,59.3 1 1
