mode: set
Projects/GoLang-Interns-2022/threeLayer/datastore/author/author.go:15.34,19.2 1 1
Projects/GoLang-Interns-2022/threeLayer/datastore/author/author.go:21.89,23.16 2 1
Projects/GoLang-Interns-2022/threeLayer/datastore/author/author.go:27.2,28.16 2 1
Projects/GoLang-Interns-2022/threeLayer/datastore/author/author.go:32.2,32.21 1 1
Projects/GoLang-Interns-2022/threeLayer/datastore/author/author.go:23.16,25.3 1 1
Projects/GoLang-Interns-2022/threeLayer/datastore/author/author.go:28.16,30.3 1 1
Projects/GoLang-Interns-2022/threeLayer/datastore/author/author.go:36.106,38.16 2 1
Projects/GoLang-Interns-2022/threeLayer/datastore/author/author.go:42.2,42.20 1 1
Projects/GoLang-Interns-2022/threeLayer/datastore/author/author.go:38.16,40.3 1 1
Projects/GoLang-Interns-2022/threeLayer/datastore/author/author.go:45.77,47.16 2 1
Projects/GoLang-Interns-2022/threeLayer/datastore/author/author.go:51.2,52.16 2 1
Projects/GoLang-Interns-2022/threeLayer/datastore/author/author.go:56.2,56.27 1 1
Projects/GoLang-Interns-2022/threeLayer/datastore/author/author.go:47.16,49.3 1 1
Projects/GoLang-Interns-2022/threeLayer/datastore/author/author.go:52.16,54.3 1 1
Projects/GoLang-Interns-2022/threeLayer/datastore/author/author.go:59.88,61.16 2 1
Projects/GoLang-Interns-2022/threeLayer/datastore/author/author.go:65.2,67.22 2 1
Projects/GoLang-Interns-2022/threeLayer/datastore/author/author.go:74.2,74.20 1 1
Projects/GoLang-Interns-2022/threeLayer/datastore/author/author.go:61.16,63.3 1 1
Projects/GoLang-Interns-2022/threeLayer/datastore/author/author.go:67.22,69.17 2 1
Projects/GoLang-Interns-2022/threeLayer/datastore/author/author.go:69.17,71.4 1 1
Projects/GoLang-Interns-2022/threeLayer/datastore/author/author.go:77.82,79.31 2 1
Projects/GoLang-Interns-2022/threeLayer/datastore/author/author.go:83.2,83.13 1 1
Projects/GoLang-Interns-2022/threeLayer/datastore/author/author.go:79.31,81.3 1 1
Projects/GoLang-Interns-2022/threeLayer/datastore/author/author.go:86.72,88.31 2 1
Projects/GoLang-Interns-2022/threeLayer/datastore/author/author.go:92.2,92.13 1 1
Projects/GoLang-Interns-2022/threeLayer/datastore/author/author.go:88.31,90.3 1 1
Projects/GoLang-Interns-2022/threeLayer/datastore/book/book.go:16.32,18.2 1 1
Projects/GoLang-Interns-2022/threeLayer/datastore/book/book.go:20.97,24.16 3 1
Projects/GoLang-Interns-2022/threeLayer/datastore/book/book.go:28.2,28.20 1 1
Projects/GoLang-Interns-2022/threeLayer/datastore/book/book.go:39.2,39.20 1 1
Projects/GoLang-Interns-2022/threeLayer/datastore/book/book.go:24.16,26.3 1 1
Projects/GoLang-Interns-2022/threeLayer/datastore/book/book.go:28.20,32.17 3 1
Projects/GoLang-Interns-2022/threeLayer/datastore/book/book.go:36.3,36.32 1 1
Projects/GoLang-Interns-2022/threeLayer/datastore/book/book.go:32.17,34.4 1 1
Projects/GoLang-Interns-2022/threeLayer/datastore/book/book.go:41.76,45.16 3 1
Projects/GoLang-Interns-2022/threeLayer/datastore/book/book.go:49.2,49.20 1 1
Projects/GoLang-Interns-2022/threeLayer/datastore/book/book.go:60.2,60.20 1 1
Projects/GoLang-Interns-2022/threeLayer/datastore/book/book.go:45.16,47.3 1 1
Projects/GoLang-Interns-2022/threeLayer/datastore/book/book.go:49.20,53.17 3 1
Projects/GoLang-Interns-2022/threeLayer/datastore/book/book.go:57.3,57.32 1 1
Projects/GoLang-Interns-2022/threeLayer/datastore/book/book.go:53.17,55.4 1 1
Projects/GoLang-Interns-2022/threeLayer/datastore/book/book.go:63.82,67.16 3 1
Projects/GoLang-Interns-2022/threeLayer/datastore/book/book.go:71.2,71.19 1 1
Projects/GoLang-Interns-2022/threeLayer/datastore/book/book.go:82.2,82.44 1 1
Projects/GoLang-Interns-2022/threeLayer/datastore/book/book.go:67.16,69.3 1 1
Projects/GoLang-Interns-2022/threeLayer/datastore/book/book.go:71.19,75.17 3 1
Projects/GoLang-Interns-2022/threeLayer/datastore/book/book.go:79.3,79.16 1 1
Projects/GoLang-Interns-2022/threeLayer/datastore/book/book.go:75.17,77.4 1 1
Projects/GoLang-Interns-2022/threeLayer/datastore/book/book.go:85.82,87.16 2 1
Projects/GoLang-Interns-2022/threeLayer/datastore/book/book.go:91.2,92.16 2 1
Projects/GoLang-Interns-2022/threeLayer/datastore/book/book.go:96.2,96.21 1 1
Projects/GoLang-Interns-2022/threeLayer/datastore/book/book.go:87.16,89.3 1 1
Projects/GoLang-Interns-2022/threeLayer/datastore/book/book.go:92.16,94.3 1 1
Projects/GoLang-Interns-2022/threeLayer/datastore/book/book.go:99.73,101.16 2 1
Projects/GoLang-Interns-2022/threeLayer/datastore/book/book.go:105.2,106.16 2 1
Projects/GoLang-Interns-2022/threeLayer/datastore/book/book.go:110.2,110.20 1 1
Projects/GoLang-Interns-2022/threeLayer/datastore/book/book.go:101.16,103.3 1 1
Projects/GoLang-Interns-2022/threeLayer/datastore/book/book.go:106.16,108.3 1 1
Projects/GoLang-Interns-2022/threeLayer/datastore/book/book.go:113.97,115.16 2 1
Projects/GoLang-Interns-2022/threeLayer/datastore/book/book.go:119.2,119.19 1 1
Projects/GoLang-Interns-2022/threeLayer/datastore/book/book.go:115.16,117.3 1 1
Projects/GoLang-Interns-2022/threeLayer/datastore/book/book.go:122.76,124.16 2 1
Projects/GoLang-Interns-2022/threeLayer/datastore/book/book.go:128.2,128.12 1 1
Projects/GoLang-Interns-2022/threeLayer/datastore/book/book.go:124.16,126.3 1 1
Projects/GoLang-Interns-2022/threeLayer/datastore/book/book.go:131.75,133.34 2 1
Projects/GoLang-Interns-2022/threeLayer/datastore/book/book.go:137.2,137.13 1 1
Projects/GoLang-Interns-2022/threeLayer/datastore/book/book.go:133.34,135.3 1 1
Projects/GoLang-Interns-2022/threeLayer/datastore/book/book.go:140.67,142.31 2 1
Projects/GoLang-Interns-2022/threeLayer/datastore/book/book.go:146.2,146.13 1 1
Projects/GoLang-Interns-2022/threeLayer/datastore/book/book.go:142.31,144.3 1 1
